(2026-02-13: 12:36:22) Best model parameters: W = [[0.24706932]
 [0.2820804 ]
 [0.25002252]
 [0.22082776]]; lr=0.943076923076923; discount_factor=0.95
(2026-02-13: 12:36:22) Best Rewards: 501.0 / 501.0; Min Reward: 36.0
(2026-02-13: 12:36:23) Best model parameters: W = [[0.01978116]
 [0.06955104]
 [0.07963075]
 [0.83103705]]; lr=0.943076923076923; discount_factor=0.95
(2026-02-13: 12:36:23) Best Rewards: 501.0 / 501.0; Min Reward: 11.0
(2026-02-13: 12:36:23) Best model parameters: W = [[0.2463405 ]
 [0.26212523]
 [0.2478325 ]
 [0.24370177]]; lr=0.9415384615384614; discount_factor=0.95
(2026-02-13: 12:36:23) Best Rewards: 501.0 / 501.0; Min Reward: 38.0
(2026-02-13: 12:36:24) Best model parameters: W = [[0.24754609]
 [0.28177176]
 [0.25121775]
 [0.21946439]]; lr=0.94; discount_factor=0.95
(2026-02-13: 12:36:24) Best Rewards: 501.0 / 501.0; Min Reward: 13.0
(2026-02-13: 12:36:24) Best model parameters: W = [[0.00529199]
 [0.02319042]
 [0.04496056]
 [0.92655704]]; lr=0.9446153846153845; discount_factor=0.95
(2026-02-13: 12:36:24) Best Rewards: 501.0 / 501.0; Min Reward: 11.0
