(2026-02-13: 12:36:16) Best model parameters: W = [[0.24587102]
 [0.26116643]
 [0.24696347]
 [0.24599907]]; lr=0.9476923076923076; discount_factor=0.95
(2026-02-13: 12:36:16) Best Rewards: 501.0 / 501.0; Min Reward: 13.0
(2026-02-13: 12:36:16) Best model parameters: W = [[0.24629207]
 [0.25756281]
 [0.24851163]
 [0.24763349]]; lr=0.9476923076923076; discount_factor=0.95
(2026-02-13: 12:36:16) Best Rewards: 501.0 / 501.0; Min Reward: 13.0
(2026-02-13: 12:36:16) Best model parameters: W = [[0.24737861]
 [0.27380216]
 [0.25030494]
 [0.22851429]]; lr=0.9415384615384614; discount_factor=0.95
(2026-02-13: 12:36:16) Best Rewards: 501.0 / 501.0; Min Reward: 14.0
(2026-02-13: 12:36:17) Best model parameters: W = [[0.2475595 ]
 [0.27422027]
 [0.24965287]
 [0.22856736]]; lr=0.9507692307692307; discount_factor=0.95
(2026-02-13: 12:36:17) Best Rewards: 501.0 / 501.0; Min Reward: 12.0
(2026-02-13: 12:36:17) Best model parameters: W = [[0.2470701 ]
 [0.27272516]
 [0.25099813]
 [0.22920661]]; lr=0.9461538461538461; discount_factor=0.95
(2026-02-13: 12:36:17) Best Rewards: 501.0 / 501.0; Min Reward: 12.0
