(2026-02-13: 12:39:11) Best model parameters: W = [[0.07576893]
 [0.07717737]
 [0.77360457]
 [0.07344913]]; lr=0.94; discount_factor=0.95
(2026-02-13: 12:39:11) Best Rewards: 501.0 / 501.0; Min Reward: 170.0
(2026-02-13: 12:39:12) Best model parameters: W = [[0.0754935 ]
 [0.07311443]
 [0.7723187 ]
 [0.07907337]]; lr=0.94; discount_factor=0.95
(2026-02-13: 12:39:12) Best Rewards: 501.0 / 501.0; Min Reward: 501.0
(2026-02-13: 12:39:14) Best model parameters: W = [[0.0756559 ]
 [0.07707315]
 [0.77376643]
 [0.07350453]]; lr=0.94; discount_factor=0.95
(2026-02-13: 12:39:14) Best Rewards: 501.0 / 501.0; Min Reward: 13.0
(2026-02-13: 12:39:16) Best model parameters: W = [[0.07579187]
 [0.07669181]
 [0.77312712]
 [0.07438919]]; lr=0.94; discount_factor=0.95
(2026-02-13: 12:39:16) Best Rewards: 501.0 / 501.0; Min Reward: 14.0
(2026-02-13: 12:39:18) Best model parameters: W = [[0.0752739 ]
 [0.0752357 ]
 [0.77408003]
 [0.07541037]]; lr=0.94; discount_factor=0.95
(2026-02-13: 12:39:18) Best Rewards: 501.0 / 501.0; Min Reward: 501.0
