(2026-02-13: 12:37:19) Best model parameters: W = [[0.07554552]
 [0.07833231]
 [0.7743734 ]
 [0.07174877]]; lr=0.94; discount_factor=0.95
(2026-02-13: 12:37:19) Best Rewards: 501.0 / 501.0; Min Reward: 501.0
(2026-02-13: 12:37:22) Best model parameters: W = [[0.0752306 ]
 [0.07543918]
 [0.7743203 ]
 [0.07500992]]; lr=0.94; discount_factor=0.95
(2026-02-13: 12:37:22) Best Rewards: 501.0 / 501.0; Min Reward: 132.0
(2026-02-13: 12:37:24) Best model parameters: W = [[0.07582722]
 [0.07634707]
 [0.77284636]
 [0.07497934]]; lr=0.94; discount_factor=0.95
(2026-02-13: 12:37:24) Best Rewards: 501.0 / 501.0; Min Reward: 179.0
(2026-02-13: 12:37:26) Best model parameters: W = [[0.07566308]
 [0.07659149]
 [0.77330367]
 [0.07444176]]; lr=0.94; discount_factor=0.95
(2026-02-13: 12:37:26) Best Rewards: 501.0 / 501.0; Min Reward: 501.0
(2026-02-13: 12:37:29) Best model parameters: W = [[0.07570302]
 [0.07686627]
 [0.77355771]
 [0.07387299]]; lr=0.94; discount_factor=0.95
(2026-02-13: 12:37:29) Best Rewards: 501.0 / 501.0; Min Reward: 501.0
