(2026-02-13: 12:37:01) Best model parameters: W = [[0.0757595 ]
 [0.07673116]
 [0.77333858]
 [0.07417076]]; lr=0.94; discount_factor=0.95
(2026-02-13: 12:37:01) Best Rewards: 501.0 / 501.0; Min Reward: 501.0
(2026-02-13: 12:37:05) Best model parameters: W = [[0.07532437]
 [0.07525234]
 [0.77394867]
 [0.07547462]]; lr=0.94; discount_factor=0.95
(2026-02-13: 12:37:05) Best Rewards: 501.0 / 501.0; Min Reward: 501.0
(2026-02-13: 12:37:10) Best model parameters: W = [[0.0756377 ]
 [0.0733886 ]
 [0.77208873]
 [0.07888497]]; lr=0.94; discount_factor=0.95
(2026-02-13: 12:37:10) Best Rewards: 501.0 / 501.0; Min Reward: 13.0
(2026-02-13: 12:37:12) Best model parameters: W = [[0.07574079]
 [0.07702701]
 [0.77365204]
 [0.07358016]]; lr=0.94; discount_factor=0.95
(2026-02-13: 12:37:12) Best Rewards: 501.0 / 501.0; Min Reward: 188.0
(2026-02-13: 12:37:14) Best model parameters: W = [[0.07584138]
 [0.07672936]
 [0.77309   ]
 [0.07433926]]; lr=0.94; discount_factor=0.95
(2026-02-13: 12:37:14) Best Rewards: 501.0 / 501.0; Min Reward: 501.0
