(2026-02-13: 12:39:24) Best model parameters: W = [[0.07526517]
 [0.07528269]
 [0.77414282]
 [0.07530932]]; lr=0.94; discount_factor=0.95
(2026-02-13: 12:39:24) Best Rewards: 501.0 / 501.0; Min Reward: 501.0
(2026-02-13: 12:39:27) Best model parameters: W = [[0.07553032]
 [0.07355536]
 [0.77267352]
 [0.07824081]]; lr=0.94; discount_factor=0.95
(2026-02-13: 12:39:27) Best Rewards: 501.0 / 501.0; Min Reward: 501.0
(2026-02-13: 12:39:30) Best model parameters: W = [[0.07552211]
 [0.07400337]
 [0.77258435]
 [0.07789017]]; lr=0.94; discount_factor=0.95
(2026-02-13: 12:39:30) Best Rewards: 501.0 / 501.0; Min Reward: 501.0
(2026-02-13: 12:39:33) Best model parameters: W = [[0.07546788]
 [0.07837015]
 [0.77458074]
 [0.07158122]]; lr=0.94; discount_factor=0.95
(2026-02-13: 12:39:33) Best Rewards: 501.0 / 501.0; Min Reward: 15.0
(2026-02-13: 12:39:35) Best model parameters: W = [[0.07538755]
 [0.07457922]
 [0.77336324]
 [0.07667   ]]; lr=0.94; discount_factor=0.95
(2026-02-13: 12:39:35) Best Rewards: 501.0 / 501.0; Min Reward: 501.0
