(2026-02-13: 12:36:36) Best model parameters: W = [[4.44823205e-05]
 [9.99953894e-01]
 [1.62319245e-06]
 [8.10234081e-13]]; lr=0.9415384615384614; discount_factor=0.95
(2026-02-13: 12:36:36) Best Rewards: 33.0 / 28.0; Min Reward: 9.0
(2026-02-13: 12:36:36) Best model parameters: W = [[9.83787195e-01]
 [1.62112451e-02]
 [1.55955547e-06]
 [1.51702318e-41]]; lr=0.94; discount_factor=0.95
(2026-02-13: 12:36:36) Best Rewards: 67.0 / 64.0; Min Reward: 9.0
(2026-02-13: 12:36:37) Best model parameters: W = [[9.25599341e-07]
 [9.52007892e-26]
 [9.32106277e-01]
 [6.78927976e-02]]; lr=0.9553846153846154; discount_factor=0.95
(2026-02-13: 12:36:37) Best Rewards: 41.0 / 31.0; Min Reward: 9.0
(2026-02-13: 12:36:38) Best model parameters: W = [[0.07563466]
 [0.07447955]
 [0.77269934]
 [0.07718645]]; lr=0.94; discount_factor=0.95
(2026-02-13: 12:36:38) Best Rewards: 501.0 / 501.0; Min Reward: 501.0
(2026-02-13: 12:36:40) Best model parameters: W = [[0.07572987]
 [0.07660523]
 [0.77322009]
 [0.07444481]]; lr=0.94; discount_factor=0.95
(2026-02-13: 12:36:40) Best Rewards: 501.0 / 501.0; Min Reward: 15.0
