(2026-02-13: 12:38:07) Best model parameters: W = [[0.07532891]
 [0.0747558 ]
 [0.77363763]
 [0.07627766]]; lr=0.94; discount_factor=0.95
(2026-02-13: 12:38:07) Best Rewards: 501.0 / 501.0; Min Reward: 501.0
(2026-02-13: 12:38:09) Best model parameters: W = [[0.07551463]
 [0.07781406]
 [0.77426256]
 [0.07240874]]; lr=0.94; discount_factor=0.95
(2026-02-13: 12:38:09) Best Rewards: 501.0 / 501.0; Min Reward: 14.0
(2026-02-13: 12:38:12) Best model parameters: W = [[0.07558168]
 [0.0765278 ]
 [0.77336709]
 [0.07452343]]; lr=0.94; discount_factor=0.95
(2026-02-13: 12:38:12) Best Rewards: 501.0 / 501.0; Min Reward: 501.0
(2026-02-13: 12:38:14) Best model parameters: W = [[0.07540437]
 [0.07412419]
 [0.77298325]
 [0.07748819]]; lr=0.94; discount_factor=0.95
(2026-02-13: 12:38:14) Best Rewards: 501.0 / 501.0; Min Reward: 501.0
(2026-02-13: 12:38:17) Best model parameters: W = [[0.0754796 ]
 [0.07390956]
 [0.77278264]
 [0.0778282 ]]; lr=0.94; discount_factor=0.95
(2026-02-13: 12:38:17) Best Rewards: 501.0 / 501.0; Min Reward: 501.0
