(2026-02-13: 12:36:26) Best model parameters: W = [[0.24741865]
 [0.27350791]
 [0.252105  ]
 [0.22696845]]; lr=0.94; discount_factor=0.95
(2026-02-13: 12:36:26) Best Rewards: 501.0 / 501.0; Min Reward: 36.0
(2026-02-13: 12:36:27) Best model parameters: W = [[0.02403212]
 [0.06817964]
 [0.07165059]
 [0.83613765]]; lr=0.9538461538461538; discount_factor=0.95
(2026-02-13: 12:36:27) Best Rewards: 501.0 / 501.0; Min Reward: 12.0
(2026-02-13: 12:36:27) Best model parameters: W = [[0.03982948]
 [0.08047166]
 [0.07373976]
 [0.80595911]]; lr=0.9446153846153845; discount_factor=0.95
(2026-02-13: 12:36:27) Best Rewards: 501.0 / 501.0; Min Reward: 36.0
(2026-02-13: 12:36:28) Best model parameters: W = [[0.24663026]
 [0.25522044]
 [0.24816826]
 [0.24998104]]; lr=0.943076923076923; discount_factor=0.95
(2026-02-13: 12:36:28) Best Rewards: 501.0 / 501.0; Min Reward: 38.0
(2026-02-13: 12:36:28) Best model parameters: W = [[0.24831085]
 [0.28357387]
 [0.25125098]
 [0.2168643 ]]; lr=0.9492307692307692; discount_factor=0.95
(2026-02-13: 12:36:28) Best Rewards: 501.0 / 501.0; Min Reward: 14.0
