(2026-02-13: 12:36:33) Best model parameters: W = [[0.008556  ]
 [0.05013915]
 [0.05987008]
 [0.88143477]]; lr=0.9476923076923076; discount_factor=0.95
(2026-02-13: 12:36:33) Best Rewards: 501.0 / 501.0; Min Reward: 11.0
(2026-02-13: 12:36:33) Best model parameters: W = [[0.24770342]
 [0.27451237]
 [0.25187259]
 [0.22591163]]; lr=0.9446153846153845; discount_factor=0.95
(2026-02-13: 12:36:33) Best Rewards: 501.0 / 501.0; Min Reward: 36.0
(2026-02-13: 12:36:34) Best model parameters: W = [[0.24757423]
 [0.28406641]
 [0.24998644]
 [0.21837292]]; lr=0.9476923076923076; discount_factor=0.95
(2026-02-13: 12:36:34) Best Rewards: 501.0 / 501.0; Min Reward: 12.0
(2026-02-13: 12:36:34) Best model parameters: W = [[2.48833479e-18]
 [9.97846254e-01]
 [2.15374601e-03]
 [2.41422688e-22]]; lr=0.9538461538461538; discount_factor=0.95
(2026-02-13: 12:36:34) Best Rewards: 501.0 / 501.0; Min Reward: 11.0
(2026-02-13: 12:36:34) Best model parameters: W = [[2.37915733e-05]
 [9.99975538e-01]
 [6.70793517e-07]
 [9.23331521e-14]]; lr=0.9476923076923076; discount_factor=0.95
(2026-02-13: 12:36:34) Best Rewards: 60.0 / 57.0; Min Reward: 9.0
