(2026-02-13: 12:36:44) Best model parameters: W = [[0.075351  ]
 [0.07424865]
 [0.77323122]
 [0.07716912]]; lr=0.94; discount_factor=0.95
(2026-02-13: 12:36:44) Best Rewards: 501.0 / 501.0; Min Reward: 501.0
(2026-02-13: 12:36:45) Best model parameters: W = [[0.07561123]
 [0.07759025]
 [0.77387514]
 [0.07292339]]; lr=0.94; discount_factor=0.95
(2026-02-13: 12:36:45) Best Rewards: 501.0 / 501.0; Min Reward: 501.0
(2026-02-13: 12:36:47) Best model parameters: W = [[0.07551079]
 [0.073164  ]
 [0.77218269]
 [0.07914253]]; lr=0.94; discount_factor=0.95
(2026-02-13: 12:36:47) Best Rewards: 501.0 / 501.0; Min Reward: 501.0
(2026-02-13: 12:36:49) Best model parameters: W = [[0.07576941]
 [0.07704684]
 [0.77360076]
 [0.07358299]]; lr=0.94; discount_factor=0.95
(2026-02-13: 12:36:49) Best Rewards: 501.0 / 501.0; Min Reward: 501.0
(2026-02-13: 12:36:53) Best model parameters: W = [[0.0757574 ]
 [0.07669201]
 [0.77312612]
 [0.07442447]]; lr=0.94; discount_factor=0.95
(2026-02-13: 12:36:53) Best Rewards: 501.0 / 501.0; Min Reward: 501.0
