(2026-02-13: 12:36:18) Best model parameters: W = [[0.03102647]
 [0.08447357]
 [0.08793628]
 [0.79656368]]; lr=0.9538461538461538; discount_factor=0.95
(2026-02-13: 12:36:18) Best Rewards: 501.0 / 501.0; Min Reward: 11.0
(2026-02-13: 12:36:19) Best model parameters: W = [[0.24721582]
 [0.27697379]
 [0.25261643]
 [0.22319396]]; lr=0.9461538461538461; discount_factor=0.95
(2026-02-13: 12:36:19) Best Rewards: 501.0 / 501.0; Min Reward: 38.0
(2026-02-13: 12:36:19) Best model parameters: W = [[0.2448014 ]
 [0.24344472]
 [0.24815824]
 [0.26359564]]; lr=0.94; discount_factor=0.95
(2026-02-13: 12:36:19) Best Rewards: 501.0 / 501.0; Min Reward: 12.0
(2026-02-13: 12:36:20) Best model parameters: W = [[0.24723342]
 [0.27275821]
 [0.25146854]
 [0.22853983]]; lr=0.94; discount_factor=0.95
(2026-02-13: 12:36:20) Best Rewards: 501.0 / 501.0; Min Reward: 14.0
(2026-02-13: 12:36:20) Best model parameters: W = [[0.00633344]
 [0.06935347]
 [0.05969665]
 [0.86461645]]; lr=0.9415384615384614; discount_factor=0.95
(2026-02-13: 12:36:20) Best Rewards: 501.0 / 501.0; Min Reward: 11.0
