(2026-02-13: 12:38:24) Best model parameters: W = [[0.07558313]
 [0.07328098]
 [0.77214898]
 [0.07898691]]; lr=0.94; discount_factor=0.95
(2026-02-13: 12:38:24) Best Rewards: 501.0 / 501.0; Min Reward: 501.0
(2026-02-13: 12:38:26) Best model parameters: W = [[0.07538319]
 [0.0747574 ]
 [0.77354588]
 [0.07631353]]; lr=0.94; discount_factor=0.95
(2026-02-13: 12:38:26) Best Rewards: 501.0 / 501.0; Min Reward: 501.0
(2026-02-13: 12:38:28) Best model parameters: W = [[0.07538929]
 [0.07424083]
 [0.7730857 ]
 [0.07728418]]; lr=0.94; discount_factor=0.95
(2026-02-13: 12:38:28) Best Rewards: 501.0 / 501.0; Min Reward: 209.0
(2026-02-13: 12:38:30) Best model parameters: W = [[0.07557305]
 [0.07760534]
 [0.77403497]
 [0.07278664]]; lr=0.94; discount_factor=0.95
(2026-02-13: 12:38:30) Best Rewards: 501.0 / 501.0; Min Reward: 14.0
(2026-02-13: 12:38:32) Best model parameters: W = [[0.07561852]
 [0.07854317]
 [0.77435241]
 [0.07148589]]; lr=0.94; discount_factor=0.95
(2026-02-13: 12:38:32) Best Rewards: 501.0 / 501.0; Min Reward: 14.0
