(2026-02-13: 12:38:55) Best model parameters: W = [[0.0757603 ]
 [0.0770031 ]
 [0.77362671]
 [0.07360988]]; lr=0.94; discount_factor=0.95
(2026-02-13: 12:38:55) Best Rewards: 501.0 / 501.0; Min Reward: 175.0
(2026-02-13: 12:38:57) Best model parameters: W = [[0.07545109]
 [0.07470581]
 [0.77332375]
 [0.07651935]]; lr=0.94; discount_factor=0.95
(2026-02-13: 12:38:57) Best Rewards: 501.0 / 501.0; Min Reward: 13.0
(2026-02-13: 12:39:00) Best model parameters: W = [[0.07567145]
 [0.07739251]
 [0.77383336]
 [0.07310268]]; lr=0.94; discount_factor=0.95
(2026-02-13: 12:39:00) Best Rewards: 501.0 / 501.0; Min Reward: 501.0
(2026-02-13: 12:39:03) Best model parameters: W = [[0.07525879]
 [0.07456589]
 [0.77377889]
 [0.07639643]]; lr=0.94; discount_factor=0.95
(2026-02-13: 12:39:03) Best Rewards: 501.0 / 501.0; Min Reward: 501.0
(2026-02-13: 12:39:06) Best model parameters: W = [[0.07583587]
 [0.07614533]
 [0.77268576]
 [0.07533305]]; lr=0.94; discount_factor=0.95
(2026-02-13: 12:39:06) Best Rewards: 501.0 / 501.0; Min Reward: 501.0
