(2026-02-13: 12:37:37) Best model parameters: W = [[0.07567156]
 [0.07297789]
 [0.77181952]
 [0.07953102]]; lr=0.94; discount_factor=0.95
(2026-02-13: 12:37:37) Best Rewards: 501.0 / 501.0; Min Reward: 207.0
(2026-02-13: 12:37:39) Best model parameters: W = [[0.07581801]
 [0.07676371]
 [0.77321731]
 [0.07420096]]; lr=0.94; discount_factor=0.95
(2026-02-13: 12:37:39) Best Rewards: 501.0 / 501.0; Min Reward: 13.0
(2026-02-13: 12:37:41) Best model parameters: W = [[0.0758756 ]
 [0.07572019]
 [0.77218411]
 [0.0762201 ]]; lr=0.94; discount_factor=0.95
(2026-02-13: 12:37:41) Best Rewards: 501.0 / 501.0; Min Reward: 199.0
(2026-02-13: 12:37:43) Best model parameters: W = [[0.07583307]
 [0.07648658]
 [0.77296292]
 [0.07471743]]; lr=0.94; discount_factor=0.95
(2026-02-13: 12:37:43) Best Rewards: 501.0 / 501.0; Min Reward: 501.0
(2026-02-13: 12:37:45) Best model parameters: W = [[0.07525492]
 [0.07426551]
 [0.77362147]
 [0.0768581 ]]; lr=0.94; discount_factor=0.95
(2026-02-13: 12:37:45) Best Rewards: 501.0 / 501.0; Min Reward: 501.0
