(2026-02-13: 12:37:51) Best model parameters: W = [[0.07563268]
 [0.076862  ]
 [0.77367841]
 [0.07382691]]; lr=0.94; discount_factor=0.95
(2026-02-13: 12:37:51) Best Rewards: 501.0 / 501.0; Min Reward: 501.0
(2026-02-13: 12:37:55) Best model parameters: W = [[0.07538584]
 [0.07508296]
 [0.77367816]
 [0.07585303]]; lr=0.94; discount_factor=0.95
(2026-02-13: 12:37:55) Best Rewards: 501.0 / 501.0; Min Reward: 13.0
(2026-02-13: 12:37:58) Best model parameters: W = [[0.07532075]
 [0.07521164]
 [0.77386135]
 [0.07560626]]; lr=0.94; discount_factor=0.95
(2026-02-13: 12:37:58) Best Rewards: 501.0 / 501.0; Min Reward: 14.0
(2026-02-13: 12:38:00) Best model parameters: W = [[0.07552224]
 [0.07380615]
 [0.77263529]
 [0.07803632]]; lr=0.94; discount_factor=0.95
(2026-02-13: 12:38:00) Best Rewards: 501.0 / 501.0; Min Reward: 13.0
(2026-02-13: 12:38:02) Best model parameters: W = [[0.07578583]
 [0.07699341]
 [0.77326529]
 [0.07395547]]; lr=0.94; discount_factor=0.95
(2026-02-13: 12:38:02) Best Rewards: 501.0 / 501.0; Min Reward: 501.0
